<?xml version="1.0" encoding="UTF-8"?>
<testsuite xmlns:xsi="http://www.w3.org/2001/XMLSchema-instance" xsi:noNamespaceSchemaLocation="https://maven.apache.org/surefire/maven-surefire-plugin/xsd/surefire-test-report.xsd" name="com.sddevops.sonarqube_maven.eclipse.AppTest" time="0.088" tests="1" errors="0" skipped="0" failures="0">
  <properties>
    <property name="java.specification.version" value="17"/>
    <property name="sun.jnu.encoding" value="UTF-8"/>
    <property name="java.class.path" value="/Users/danielchia/eclipse-workspace/sonarqube_maven.eclipse/target/test-classes:/Users/danielchia/eclipse-workspace/sonarqube_maven.eclipse/target/classes:/Users/danielchia/.m2/repository/org/jacoco/jacoco-maven-plugin/0.8.7/jacoco-maven-plugin-0.8.7.jar:/Users/danielchia/.m2/repository/org/apache/maven/maven-plugin-api/3.0/maven-plugin-api-3.0.jar:/Users/danielchia/.m2/repository/org/apache/maven/maven-model/3.0/maven-model-3.0.jar:/Users/danielchia/.m2/repository/org/apache/maven/maven-artifact/3.0/maven-artifact-3.0.jar:/Users/danielchia/.m2/repository/org/sonatype/sisu/sisu-inject-plexus/1.4.2/sisu-inject-plexus-1.4.2.jar:/Users/danielchia/.m2/repository/org/sonatype/sisu/sisu-inject-bean/1.4.2/sisu-inject-bean-1.4.2.jar:/Users/danielchia/.m2/repository/org/sonatype/sisu/sisu-guice/2.1.7/sisu-guice-2.1.7-noaop.jar:/Users/danielchia/.m2/repository/org/apache/maven/maven-core/3.0/maven-core-3.0.jar:/Users/danielchia/.m2/repository/org/apache/maven/maven-settings/3.0/maven-settings-3.0.jar:/Users/danielchia/.m2/repository/org/apache/maven/maven-settings-builder/3.0/maven-settings-builder-3.0.jar:/Users/danielchia/.m2/repository/org/apache/maven/maven-repository-metadata/3.0/maven-repository-metadata-3.0.jar:/Users/danielchia/.m2/repository/org/apache/maven/maven-model-builder/3.0/maven-model-builder-3.0.jar:/Users/danielchia/.m2/repository/org/apache/maven/maven-aether-provider/3.0/maven-aether-provider-3.0.jar:/Users/danielchia/.m2/repository/org/sonatype/aether/aether-impl/1.7/aether-impl-1.7.jar:/Users/danielchia/.m2/repository/org/sonatype/aether/aether-spi/1.7/aether-spi-1.7.jar:/Users/danielchia/.m2/repository/org/sonatype/aether/aether-api/1.7/aether-api-1.7.jar:/Users/danielchia/.m2/repository/org/sonatype/aether/aether-util/1.7/aether-util-1.7.jar:/Users/danielchia/.m2/repository/org/codehaus/plexus/plexus-interpolation/1.14/plexus-interpolation-1.14.jar:/Users/danielchia/.m2/repository/org/codehaus/plexus/plexus-classworlds/2.2.3/plexus-classworlds-2.2.3.jar:/Users/danielchia/.m2/repository/org/codehaus/plexus/plexus-component-annotations/1.5.5/plexus-component-annotations-1.5.5.jar:/Users/danielchia/.m2/repository/org/sonatype/plexus/plexus-sec-dispatcher/1.3/plexus-sec-dispatcher-1.3.jar:/Users/danielchia/.m2/repository/org/sonatype/plexus/plexus-cipher/1.4/plexus-cipher-1.4.jar:/Users/danielchia/.m2/repository/org/codehaus/plexus/plexus-utils/3.0.22/plexus-utils-3.0.22.jar:/Users/danielchia/.m2/repository/org/apache/maven/shared/file-management/1.2.1/file-management-1.2.1.jar:/Users/danielchia/.m2/repository/org/apache/maven/shared/maven-shared-io/1.1/maven-shared-io-1.1.jar:/Users/danielchia/.m2/repository/org/apache/maven/maven-artifact-manager/2.0.2/maven-artifact-manager-2.0.2.jar:/Users/danielchia/.m2/repository/org/apache/maven/wagon/wagon-provider-api/1.0-alpha-6/wagon-provider-api-1.0-alpha-6.jar:/Users/danielchia/.m2/repository/org/codehaus/plexus/plexus-container-default/1.0-alpha-9/plexus-container-default-1.0-alpha-9.jar:/Users/danielchia/.m2/repository/classworlds/classworlds/1.1-alpha-2/classworlds-1.1-alpha-2.jar:/Users/danielchia/.m2/repository/org/apache/maven/reporting/maven-reporting-api/3.0/maven-reporting-api-3.0.jar:/Users/danielchia/.m2/repository/org/apache/maven/doxia/doxia-sink-api/1.0/doxia-sink-api-1.0.jar:/Users/danielchia/.m2/repository/org/jacoco/org.jacoco.agent/0.8.7/org.jacoco.agent-0.8.7-runtime.jar:/Users/danielchia/.m2/repository/org/jacoco/org.jacoco.core/0.8.7/org.jacoco.core-0.8.7.jar:/Users/danielchia/.m2/repository/org/ow2/asm/asm/9.1/asm-9.1.jar:/Users/danielchia/.m2/repository/org/ow2/asm/asm-commons/9.1/asm-commons-9.1.jar:/Users/danielchia/.m2/repository/org/ow2/asm/asm-analysis/9.1/asm-analysis-9.1.jar:/Users/danielchia/.m2/repository/org/ow2/asm/asm-tree/9.1/asm-tree-9.1.jar:/Users/danielchia/.m2/repository/org/jacoco/org.jacoco.report/0.8.7/org.jacoco.report-0.8.7.jar:/Users/danielchia/.m2/repository/org/sonarsource/sonarqube/sonar-plugin-api/9.2.4.50792/sonar-plugin-api-9.2.4.50792.jar:/Users/danielchia/.m2/repository/org/junit/jupiter/junit-jupiter-api/5.7.0/junit-jupiter-api-5.7.0.jar:/Users/danielchia/.m2/repository/org/apiguardian/apiguardian-api/1.1.0/apiguardian-api-1.1.0.jar:/Users/danielchia/.m2/repository/org/opentest4j/opentest4j/1.2.0/opentest4j-1.2.0.jar:/Users/danielchia/.m2/repository/org/junit/platform/junit-platform-commons/1.7.0/junit-platform-commons-1.7.0.jar:/Users/danielchia/.m2/repository/junit/junit/4.11/junit-4.11.jar:/Users/danielchia/.m2/repository/org/hamcrest/hamcrest-core/1.3/hamcrest-core-1.3.jar:"/>
    <property name="java.vm.vendor" value="Eclipse Adoptium"/>
    <property name="sun.arch.data.model" value="64"/>
    <property name="java.vendor.url" value="https://adoptium.net/"/>
    <property name="os.name" value="Mac OS X"/>
    <property name="java.vm.specification.version" value="17"/>
    <property name="sun.java.launcher" value="SUN_STANDARD"/>
    <property name="user.country" value="GB"/>
    <property name="sun.boot.library.path" value="/Users/danielchia/.p2/pool/plugins/org.eclipse.justj.openjdk.hotspot.jre.full.macosx.x86_64_17.0.0.v20211012-1059/jre/lib"/>
    <property name="sun.java.command" value="/Users/danielchia/eclipse-workspace/sonarqube_maven.eclipse/target/surefire/surefirebooter11422908213723937047.jar /Users/danielchia/eclipse-workspace/sonarqube_maven.eclipse/target/surefire 2022-01-27T20-00-58_178-jvmRun1 surefire14491994928729798893tmp surefire_06243542373196981066tmp"/>
    <property name="http.nonProxyHosts" value="local|*.local|169.254/16|*.169.254/16|11:58|*.11:58|am]|*.am]|Baburaj|*.Baburaj|U|*.U|sq.com.sg|*.sq.com.sg|sq.com.sg|*.sq.com.sg|krisflyer.com.sg|*.krisflyer.com.sg|203.127.177.253|130.94.21.205|lido.aero|*.lido.aero|connectqa.sq.sita.aero|*.connectqa.sq.sita.aero|connectprd.sq.sita.aero|*.connectprd.sq.sita.aero|siaecdom.com.sg|*.siaecdom.com.sg|10.68.250.91|192.168.70.49|sqaws.com.sg|*.sqaws.com.sg|admin.prod|*.admin.prod|inflightmenu.singaporeair.com|*.inflightmenu.singaporeair.com"/>
    <property name="jdk.debug" value="release"/>
    <property name="surefire.test.class.path" value="/Users/danielchia/eclipse-workspace/sonarqube_maven.eclipse/target/test-classes:/Users/danielchia/eclipse-workspace/sonarqube_maven.eclipse/target/classes:/Users/danielchia/.m2/repository/org/jacoco/jacoco-maven-plugin/0.8.7/jacoco-maven-plugin-0.8.7.jar:/Users/danielchia/.m2/repository/org/apache/maven/maven-plugin-api/3.0/maven-plugin-api-3.0.jar:/Users/danielchia/.m2/repository/org/apache/maven/maven-model/3.0/maven-model-3.0.jar:/Users/danielchia/.m2/repository/org/apache/maven/maven-artifact/3.0/maven-artifact-3.0.jar:/Users/danielchia/.m2/repository/org/sonatype/sisu/sisu-inject-plexus/1.4.2/sisu-inject-plexus-1.4.2.jar:/Users/danielchia/.m2/repository/org/sonatype/sisu/sisu-inject-bean/1.4.2/sisu-inject-bean-1.4.2.jar:/Users/danielchia/.m2/repository/org/sonatype/sisu/sisu-guice/2.1.7/sisu-guice-2.1.7-noaop.jar:/Users/danielchia/.m2/repository/org/apache/maven/maven-core/3.0/maven-core-3.0.jar:/Users/danielchia/.m2/repository/org/apache/maven/maven-settings/3.0/maven-settings-3.0.jar:/Users/danielchia/.m2/repository/org/apache/maven/maven-settings-builder/3.0/maven-settings-builder-3.0.jar:/Users/danielchia/.m2/repository/org/apache/maven/maven-repository-metadata/3.0/maven-repository-metadata-3.0.jar:/Users/danielchia/.m2/repository/org/apache/maven/maven-model-builder/3.0/maven-model-builder-3.0.jar:/Users/danielchia/.m2/repository/org/apache/maven/maven-aether-provider/3.0/maven-aether-provider-3.0.jar:/Users/danielchia/.m2/repository/org/sonatype/aether/aether-impl/1.7/aether-impl-1.7.jar:/Users/danielchia/.m2/repository/org/sonatype/aether/aether-spi/1.7/aether-spi-1.7.jar:/Users/danielchia/.m2/repository/org/sonatype/aether/aether-api/1.7/aether-api-1.7.jar:/Users/danielchia/.m2/repository/org/sonatype/aether/aether-util/1.7/aether-util-1.7.jar:/Users/danielchia/.m2/repository/org/codehaus/plexus/plexus-interpolation/1.14/plexus-interpolation-1.14.jar:/Users/danielchia/.m2/repository/org/codehaus/plexus/plexus-classworlds/2.2.3/plexus-classworlds-2.2.3.jar:/Users/danielchia/.m2/repository/org/codehaus/plexus/plexus-component-annotations/1.5.5/plexus-component-annotations-1.5.5.jar:/Users/danielchia/.m2/repository/org/sonatype/plexus/plexus-sec-dispatcher/1.3/plexus-sec-dispatcher-1.3.jar:/Users/danielchia/.m2/repository/org/sonatype/plexus/plexus-cipher/1.4/plexus-cipher-1.4.jar:/Users/danielchia/.m2/repository/org/codehaus/plexus/plexus-utils/3.0.22/plexus-utils-3.0.22.jar:/Users/danielchia/.m2/repository/org/apache/maven/shared/file-management/1.2.1/file-management-1.2.1.jar:/Users/danielchia/.m2/repository/org/apache/maven/shared/maven-shared-io/1.1/maven-shared-io-1.1.jar:/Users/danielchia/.m2/repository/org/apache/maven/maven-artifact-manager/2.0.2/maven-artifact-manager-2.0.2.jar:/Users/danielchia/.m2/repository/org/apache/maven/wagon/wagon-provider-api/1.0-alpha-6/wagon-provider-api-1.0-alpha-6.jar:/Users/danielchia/.m2/repository/org/codehaus/plexus/plexus-container-default/1.0-alpha-9/plexus-container-default-1.0-alpha-9.jar:/Users/danielchia/.m2/repository/classworlds/classworlds/1.1-alpha-2/classworlds-1.1-alpha-2.jar:/Users/danielchia/.m2/repository/org/apache/maven/reporting/maven-reporting-api/3.0/maven-reporting-api-3.0.jar:/Users/danielchia/.m2/repository/org/apache/maven/doxia/doxia-sink-api/1.0/doxia-sink-api-1.0.jar:/Users/danielchia/.m2/repository/org/jacoco/org.jacoco.agent/0.8.7/org.jacoco.agent-0.8.7-runtime.jar:/Users/danielchia/.m2/repository/org/jacoco/org.jacoco.core/0.8.7/org.jacoco.core-0.8.7.jar:/Users/danielchia/.m2/repository/org/ow2/asm/asm/9.1/asm-9.1.jar:/Users/danielchia/.m2/repository/org/ow2/asm/asm-commons/9.1/asm-commons-9.1.jar:/Users/danielchia/.m2/repository/org/ow2/asm/asm-analysis/9.1/asm-analysis-9.1.jar:/Users/danielchia/.m2/repository/org/ow2/asm/asm-tree/9.1/asm-tree-9.1.jar:/Users/danielchia/.m2/repository/org/jacoco/org.jacoco.report/0.8.7/org.jacoco.report-0.8.7.jar:/Users/danielchia/.m2/repository/org/sonarsource/sonarqube/sonar-plugin-api/9.2.4.50792/sonar-plugin-api-9.2.4.50792.jar:/Users/danielchia/.m2/repository/org/junit/jupiter/junit-jupiter-api/5.7.0/junit-jupiter-api-5.7.0.jar:/Users/danielchia/.m2/repository/org/apiguardian/apiguardian-api/1.1.0/apiguardian-api-1.1.0.jar:/Users/danielchia/.m2/repository/org/opentest4j/opentest4j/1.2.0/opentest4j-1.2.0.jar:/Users/danielchia/.m2/repository/org/junit/platform/junit-platform-commons/1.7.0/junit-platform-commons-1.7.0.jar:/Users/danielchia/.m2/repository/junit/junit/4.11/junit-4.11.jar:/Users/danielchia/.m2/repository/org/hamcrest/hamcrest-core/1.3/hamcrest-core-1.3.jar:"/>
    <property name="sun.cpu.endian" value="little"/>
    <property name="user.home" value="/Users/danielchia"/>
    <property name="user.language" value="en"/>
    <property name="java.specification.vendor" value="Oracle Corporation"/>
    <property name="java.version.date" value="2021-09-14"/>
    <property name="java.home" value="/Users/danielchia/.p2/pool/plugins/org.eclipse.justj.openjdk.hotspot.jre.full.macosx.x86_64_17.0.0.v20211012-1059/jre"/>
    <property name="file.separator" value="/"/>
    <property name="basedir" value="/Users/danielchia/eclipse-workspace/sonarqube_maven.eclipse"/>
    <property name="java.vm.compressedOopsMode" value="Zero based"/>
    <property name="line.separator" value="&#10;"/>
    <property name="java.specification.name" value="Java Platform API Specification"/>
    <property name="java.vm.specification.vendor" value="Oracle Corporation"/>
    <property name="surefire.real.class.path" value="/Users/danielchia/eclipse-workspace/sonarqube_maven.eclipse/target/surefire/surefirebooter11422908213723937047.jar"/>
    <property name="sun.management.compiler" value="HotSpot 64-Bit Tiered Compilers"/>
    <property name="ftp.nonProxyHosts" value="local|*.local|169.254/16|*.169.254/16|11:58|*.11:58|am]|*.am]|Baburaj|*.Baburaj|U|*.U|sq.com.sg|*.sq.com.sg|sq.com.sg|*.sq.com.sg|krisflyer.com.sg|*.krisflyer.com.sg|203.127.177.253|130.94.21.205|lido.aero|*.lido.aero|connectqa.sq.sita.aero|*.connectqa.sq.sita.aero|connectprd.sq.sita.aero|*.connectprd.sq.sita.aero|siaecdom.com.sg|*.siaecdom.com.sg|10.68.250.91|192.168.70.49|sqaws.com.sg|*.sqaws.com.sg|admin.prod|*.admin.prod|inflightmenu.singaporeair.com|*.inflightmenu.singaporeair.com"/>
    <property name="java.runtime.version" value="17+35"/>
    <property name="user.name" value="danielchia"/>
    <property name="path.separator" value=":"/>
    <property name="os.version" value="11.5"/>
    <property name="java.runtime.name" value="OpenJDK Runtime Environment"/>
    <property name="file.encoding" value="UTF-8"/>
    <property name="java.vm.name" value="OpenJDK 64-Bit Server VM"/>
    <property name="java.vendor.version" value="Temurin-17+35"/>
    <property name="localRepository" value="/Users/danielchia/.m2/repository"/>
    <property name="java.vendor.url.bug" value="https://github.com/adoptium/adoptium-support/issues"/>
    <property name="java.io.tmpdir" value="/var/folders/nr/f0yltmnd3lsg10m1_2vgxrlc0000gn/T/"/>
    <property name="java.version" value="17"/>
    <property name="user.dir" value="/Users/danielchia/eclipse-workspace/sonarqube_maven.eclipse"/>
    <property name="os.arch" value="x86_64"/>
    <property name="java.vm.specification.name" value="Java Virtual Machine Specification"/>
    <property name="native.encoding" value="UTF-8"/>
    <property name="java.library.path" value="/Users/danielchia/Library/Java/Extensions:/Library/Java/Extensions:/Network/Library/Java/Extensions:/System/Library/Java/Extensions:/usr/lib/java:."/>
    <property name="java.vm.info" value="mixed mode"/>
    <property name="java.vendor" value="Eclipse Adoptium"/>
    <property name="java.vm.version" value="17+35"/>
    <property name="sun.io.unicode.encoding" value="UnicodeBig"/>
    <property name="socksNonProxyHosts" value="local|*.local|169.254/16|*.169.254/16|11:58|*.11:58|am]|*.am]|Baburaj|*.Baburaj|U|*.U|sq.com.sg|*.sq.com.sg|sq.com.sg|*.sq.com.sg|krisflyer.com.sg|*.krisflyer.com.sg|203.127.177.253|130.94.21.205|lido.aero|*.lido.aero|connectqa.sq.sita.aero|*.connectqa.sq.sita.aero|connectprd.sq.sita.aero|*.connectprd.sq.sita.aero|siaecdom.com.sg|*.siaecdom.com.sg|10.68.250.91|192.168.70.49|sqaws.com.sg|*.sqaws.com.sg|admin.prod|*.admin.prod|inflightmenu.singaporeair.com|*.inflightmenu.singaporeair.com"/>
    <property name="java.class.version" value="61.0"/>
  </properties>
  <testcase name="shouldAnswerWithTrue" classname="com.sddevops.sonarqube_maven.eclipse.AppTest" time="0.008"/>
</testsuite>